# JRE version: OpenJDK Runtime Environment Temurin-17.0.4.1+1 (17.0.4.1+1) (build 17.0.4.1+1)
# Java VM: OpenJDK 64-Bit Server VM Temurin-17.0.4.1+1 (17.0.4.1+1, mixed mode, tiered, compressed oops, compressed class ptrs, parallel gc, windows-amd64)
GC Precious Log:
 CPUs: 16 total, 16 available
 Memory: 16297M
 Large Page Support: Disabled
 NUMA Support: Disabled
 Compressed Oops: Enabled (32-bit)
 Alignments: Space 512K, Generation 512K, Heap 2M
 Heap Min Capacity: 100M
 Heap Initial Capacity: 100M
 Heap Max Capacity: 1G
 Pre-touch: Disabled
 Parallel Workers: 13
Heap:
 PSYoungGen      total 4096K, used 768K [0x00000000eab00000, 0x00000000eb100000, 0x0000000100000000)
  eden space 3072K, 0% used [0x00000000eab00000,0x00000000eab00000,0x00000000eae00000)
  from space 1024K, 75% used [0x00000000eb000000,0x00000000eb0c0000,0x00000000eb100000)
  to   space 1536K, 0% used [0x00000000eae00000,0x00000000eae00000,0x00000000eaf80000)
 ParOldGen       total 124416K, used 123475K [0x00000000c0000000, 0x00000000c7980000, 0x00000000eab00000)
  object space 124416K, 99% used [0x00000000c0000000,0x00000000c7894d98,0x00000000c7980000)
 Metaspace       used 89285K, committed 90496K, reserved 1130496K
  class space    used 8976K, committed 9536K, reserved 1048576K
GC Heap History (20 events):
Event: 1798.706 GC heap after
{Heap after GC invocations=3758 (full 68):
 PSYoungGen      total 4096K, used 596K [0x00000000eab00000, 0x00000000eb000000, 0x0000000100000000)
  eden space 3072K, 0% used [0x00000000eab00000,0x00000000eab00000,0x00000000eae00000)
  from space 1024K, 58% used [0x00000000eae00000,0x00000000eae95200,0x00000000eaf00000)
  to   space 1024K, 0% used [0x00000000eaf00000,0x00000000eaf00000,0x00000000eb000000)
 ParOldGen       total 124416K, used 119363K [0x00000000c0000000, 0x00000000c7980000, 0x00000000eab00000)
  object space 124416K, 95% used [0x00000000c0000000,0x00000000c7490e28,0x00000000c7980000)
 Metaspace       used 89285K, committed 90496K, reserved 1130496K
  class space    used 8976K, committed 9536K, reserved 1048576K
}
Event: 1798.707 GC heap before
{Heap before GC invocations=3759 (full 68):
 PSYoungGen      total 4096K, used 3668K [0x00000000eab00000, 0x00000000eb000000, 0x0000000100000000)
  eden space 3072K, 100% used [0x00000000eab00000,0x00000000eae00000,0x00000000eae00000)
  from space 1024K, 58% used [0x00000000eae00000,0x00000000eae95200,0x00000000eaf00000)
  to   space 1024K, 0% used [0x00000000eaf00000,0x00000000eaf00000,0x00000000eb000000)
 ParOldGen       total 124416K, used 119363K [0x00000000c0000000, 0x00000000c7980000, 0x00000000eab00000)
  object space 124416K, 95% used [0x00000000c0000000,0x00000000c7490e28,0x00000000c7980000)
 Metaspace       used 89285K, committed 90496K, reserved 1130496K
  class space    used 8976K, committed 9536K, reserved 1048576K
}
Event: 1798.708 GC heap after
{Heap after GC invocations=3759 (full 68):
 PSYoungGen      total 3584K, used 320K [0x00000000eab00000, 0x00000000eaf80000, 0x0000000100000000)
  eden space 3072K, 0% used [0x00000000eab00000,0x00000000eab00000,0x00000000eae00000)
  from space 512K, 62% used [0x00000000eaf00000,0x00000000eaf50000,0x00000000eaf80000)
  to   space 512K, 0% used [0x00000000eae80000,0x00000000eae80000,0x00000000eaf00000)
 ParOldGen       total 124416K, used 119852K [0x00000000c0000000, 0x00000000c7980000, 0x00000000eab00000)
  object space 124416K, 96% used [0x00000000c0000000,0x00000000c750b288,0x00000000c7980000)
 Metaspace       used 89285K, committed 90496K, reserved 1130496K
  class space    used 8976K, committed 9536K, reserved 1048576K
}
Event: 1798.710 GC heap before
{Heap before GC invocations=3760 (full 68):
 PSYoungGen      total 3584K, used 3392K [0x00000000eab00000, 0x00000000eaf80000, 0x0000000100000000)
  eden space 3072K, 100% used [0x00000000eab00000,0x00000000eae00000,0x00000000eae00000)
  from space 512K, 62% used [0x00000000eaf00000,0x00000000eaf50000,0x00000000eaf80000)
  to   space 512K, 0% used [0x00000000eae80000,0x00000000eae80000,0x00000000eaf00000)
 ParOldGen       total 124416K, used 119852K [0x00000000c0000000, 0x00000000c7980000, 0x00000000eab00000)
  object space 124416K, 96% used [0x00000000c0000000,0x00000000c750b288,0x00000000c7980000)
 Metaspace       used 89285K, committed 90496K, reserved 1130496K
  class space    used 8976K, committed 9536K, reserved 1048576K
}
Event: 1798.710 GC heap after
{Heap after GC invocations=3760 (full 68):
 PSYoungGen      total 3584K, used 512K [0x00000000eab00000, 0x00000000eb000000, 0x0000000100000000)
  eden space 3072K, 0% used [0x00000000eab00000,0x00000000eab00000,0x00000000eae00000)
  from space 512K, 100% used [0x00000000eae80000,0x00000000eaf00000,0x00000000eaf00000)
  to   space 1024K, 0% used [0x00000000eaf00000,0x00000000eaf00000,0x00000000eb000000)
 ParOldGen       total 124416K, used 119940K [0x00000000c0000000, 0x00000000c7980000, 0x00000000eab00000)
  object space 124416K, 96% used [0x00000000c0000000,0x00000000c7521288,0x00000000c7980000)
 Metaspace       used 89285K, committed 90496K, reserved 1130496K
  class space    used 8976K, committed 9536K, reserved 1048576K
}
Event: 1798.714 GC heap before
{Heap before GC invocations=3761 (full 68):
 PSYoungGen      total 3584K, used 3583K [0x00000000eab00000, 0x00000000eb000000, 0x0000000100000000)
  eden space 3072K, 99% used [0x00000000eab00000,0x00000000eadfffb0,0x00000000eae00000)
  from space 512K, 100% used [0x00000000eae80000,0x00000000eaf00000,0x00000000eaf00000)
  to   space 1024K, 0% used [0x00000000eaf00000,0x00000000eaf00000,0x00000000eb000000)
 ParOldGen       total 124416K, used 119940K [0x00000000c0000000, 0x00000000c7980000, 0x00000000eab00000)
  object space 124416K, 96% used [0x00000000c0000000,0x00000000c7521288,0x00000000c7980000)
 Metaspace       used 89285K, committed 90496K, reserved 1130496K
  class space    used 8976K, committed 9536K, reserved 1048576K
}
Event: 1798.714 GC heap after
{Heap after GC invocations=3761 (full 68):
 PSYoungGen      total 4096K, used 756K [0x00000000eab00000, 0x00000000eb000000, 0x0000000100000000)
  eden space 3072K, 0% used [0x00000000eab00000,0x00000000eab00000,0x00000000eae00000)
  from space 1024K, 73% used [0x00000000eaf00000,0x00000000eafbd200,0x00000000eb000000)
  to   space 1024K, 0% used [0x00000000eae00000,0x00000000eae00000,0x00000000eaf00000)
 ParOldGen       total 124416K, used 120404K [0x00000000c0000000, 0x00000000c7980000, 0x00000000eab00000)
  object space 124416K, 96% used [0x00000000c0000000,0x00000000c75952a8,0x00000000c7980000)
 Metaspace       used 89285K, committed 90496K, reserved 1130496K
  class space    used 8976K, committed 9536K, reserved 1048576K
}
Event: 1798.716 GC heap before
{Heap before GC invocations=3762 (full 68):
 PSYoungGen      total 4096K, used 3828K [0x00000000eab00000, 0x00000000eb000000, 0x0000000100000000)
  eden space 3072K, 100% used [0x00000000eab00000,0x00000000eae00000,0x00000000eae00000)
  from space 1024K, 73% used [0x00000000eaf00000,0x00000000eafbd200,0x00000000eb000000)
  to   space 1024K, 0% used [0x00000000eae00000,0x00000000eae00000,0x00000000eaf00000)
 ParOldGen       total 124416K, used 120404K [0x00000000c0000000, 0x00000000c7980000, 0x00000000eab00000)
  object space 124416K, 96% used [0x00000000c0000000,0x00000000c75952a8,0x00000000c7980000)
 Metaspace       used 89285K, committed 90496K, reserved 1130496K
  class space    used 8976K, committed 9536K, reserved 1048576K
}
Event: 1798.716 GC heap after
{Heap after GC invocations=3762 (full 68):
 PSYoungGen      total 4096K, used 320K [0x00000000eab00000, 0x00000000eaf80000, 0x0000000100000000)
  eden space 3072K, 0% used [0x00000000eab00000,0x00000000eab00000,0x00000000eae00000)
  from space 1024K, 31% used [0x00000000eae00000,0x00000000eae50000,0x00000000eaf00000)
  to   space 512K, 0% used [0x00000000eaf00000,0x00000000eaf00000,0x00000000eaf80000)
 ParOldGen       total 124416K, used 120981K [0x00000000c0000000, 0x00000000c7980000, 0x00000000eab00000)
  object space 124416K, 97% used [0x00000000c0000000,0x00000000c76256f8,0x00000000c7980000)
 Metaspace       used 89285K, committed 90496K, reserved 1130496K
  class space    used 8976K, committed 9536K, reserved 1048576K
}
Event: 1798.720 GC heap before
{Heap before GC invocations=3763 (full 68):
 PSYoungGen      total 4096K, used 3392K [0x00000000eab00000, 0x00000000eaf80000, 0x0000000100000000)
  eden space 3072K, 100% used [0x00000000eab00000,0x00000000eae00000,0x00000000eae00000)
  from space 1024K, 31% used [0x00000000eae00000,0x00000000eae50000,0x00000000eaf00000)
  to   space 512K, 0% used [0x00000000eaf00000,0x00000000eaf00000,0x00000000eaf80000)
 ParOldGen       total 124416K, used 120981K [0x00000000c0000000, 0x00000000c7980000, 0x00000000eab00000)
  object space 124416K, 97% used [0x00000000c0000000,0x00000000c76256f8,0x00000000c7980000)
 Metaspace       used 89285K, committed 90496K, reserved 1130496K
  class space    used 8976K, committed 9536K, reserved 1048576K
}
Event: 1798.720 GC heap after
{Heap after GC invocations=3763 (full 68):
 PSYoungGen      total 3584K, used 512K [0x00000000eab00000, 0x00000000eb000000, 0x0000000100000000)
  eden space 3072K, 0% used [0x00000000eab00000,0x00000000eab00000,0x00000000eae00000)
  from space 512K, 100% used [0x00000000eaf00000,0x00000000eaf80000,0x00000000eaf80000)
  to   space 1024K, 0% used [0x00000000eae00000,0x00000000eae00000,0x00000000eaf00000)
 ParOldGen       total 124416K, used 121288K [0x00000000c0000000, 0x00000000c7980000, 0x00000000eab00000)
  object space 124416K, 97% used [0x00000000c0000000,0x00000000c7672028,0x00000000c7980000)
 Metaspace       used 89285K, committed 90496K, reserved 1130496K
  class space    used 8976K, committed 9536K, reserved 1048576K
}
Event: 1798.721 GC heap before
{Heap before GC invocations=3764 (full 68):
 PSYoungGen      total 3584K, used 3584K [0x00000000eab00000, 0x00000000eb000000, 0x0000000100000000)
  eden space 3072K, 100% used [0x00000000eab00000,0x00000000eae00000,0x00000000eae00000)
  from space 512K, 100% used [0x00000000eaf00000,0x00000000eaf80000,0x00000000eaf80000)
  to   space 1024K, 0% used [0x00000000eae00000,0x00000000eae00000,0x00000000eaf00000)
 ParOldGen       total 124416K, used 121288K [0x00000000c0000000, 0x00000000c7980000, 0x00000000eab00000)
  object space 124416K, 97% used [0x00000000c0000000,0x00000000c7672028,0x00000000c7980000)
 Metaspace       used 89285K, committed 90496K, reserved 1130496K
  class space    used 8976K, committed 9536K, reserved 1048576K
}
Event: 1798.722 GC heap after
{Heap after GC invocations=3764 (full 68):
 PSYoungGen      total 4096K, used 416K [0x00000000eab00000, 0x00000000eb000000, 0x0000000100000000)
  eden space 3072K, 0% used [0x00000000eab00000,0x00000000eab00000,0x00000000eae00000)
  from space 1024K, 40% used [0x00000000eae00000,0x00000000eae68000,0x00000000eaf00000)
  to   space 1024K, 0% used [0x00000000eaf00000,0x00000000eaf00000,0x00000000eb000000)
 ParOldGen       total 124416K, used 121834K [0x00000000c0000000, 0x00000000c7980000, 0x00000000eab00000)
  object space 124416K, 97% used [0x00000000c0000000,0x00000000c76fa938,0x00000000c7980000)
 Metaspace       used 89285K, committed 90496K, reserved 1130496K
  class space    used 8976K, committed 9536K, reserved 1048576K
}
Event: 1798.723 GC heap before
{Heap before GC invocations=3765 (full 68):
 PSYoungGen      total 4096K, used 3488K [0x00000000eab00000, 0x00000000eb000000, 0x0000000100000000)
  eden space 3072K, 100% used [0x00000000eab00000,0x00000000eae00000,0x00000000eae00000)
  from space 1024K, 40% used [0x00000000eae00000,0x00000000eae68000,0x00000000eaf00000)
  to   space 1024K, 0% used [0x00000000eaf00000,0x00000000eaf00000,0x00000000eb000000)
 ParOldGen       total 124416K, used 121834K [0x00000000c0000000, 0x00000000c7980000, 0x00000000eab00000)
  object space 124416K, 97% used [0x00000000c0000000,0x00000000c76fa938,0x00000000c7980000)
 Metaspace       used 89285K, committed 90496K, reserved 1130496K
  class space    used 8976K, committed 9536K, reserved 1048576K
}
Event: 1798.724 GC heap after
{Heap after GC invocations=3765 (full 68):
 PSYoungGen      total 4096K, used 608K [0x00000000eab00000, 0x00000000eb000000, 0x0000000100000000)
  eden space 3072K, 0% used [0x00000000eab00000,0x00000000eab00000,0x00000000eae00000)
  from space 1024K, 59% used [0x00000000eaf00000,0x00000000eaf98000,0x00000000eb000000)
  to   space 1024K, 0% used [0x00000000eae00000,0x00000000eae00000,0x00000000eaf00000)
 ParOldGen       total 124416K, used 121954K [0x00000000c0000000, 0x00000000c7980000, 0x00000000eab00000)
  object space 124416K, 98% used [0x00000000c0000000,0x00000000c7718938,0x00000000c7980000)
 Metaspace       used 89285K, committed 90496K, reserved 1130496K
  class space    used 8976K, committed 9536K, reserved 1048576K
}
Event: 1798.730 GC heap before
{Heap before GC invocations=3766 (full 68):
 PSYoungGen      total 4096K, used 3680K [0x00000000eab00000, 0x00000000eb000000, 0x0000000100000000)
  eden space 3072K, 100% used [0x00000000eab00000,0x00000000eae00000,0x00000000eae00000)
  from space 1024K, 59% used [0x00000000eaf00000,0x00000000eaf98000,0x00000000eb000000)
  to   space 1024K, 0% used [0x00000000eae00000,0x00000000eae00000,0x00000000eaf00000)
 ParOldGen       total 124416K, used 121954K [0x00000000c0000000, 0x00000000c7980000, 0x00000000eab00000)
  object space 124416K, 98% used [0x00000000c0000000,0x00000000c7718938,0x00000000c7980000)
 Metaspace       used 89285K, committed 90496K, reserved 1130496K
  class space    used 8976K, committed 9536K, reserved 1048576K
}
Event: 1798.730 GC heap after
{Heap after GC invocations=3766 (full 68):
 PSYoungGen      total 4096K, used 1001K [0x00000000eab00000, 0x00000000eb200000, 0x0000000100000000)
  eden space 3072K, 0% used [0x00000000eab00000,0x00000000eab00000,0x00000000eae00000)
  from space 1024K, 97% used [0x00000000eae00000,0x00000000eaefa400,0x00000000eaf00000)
  to   space 2048K, 0% used [0x00000000eb000000,0x00000000eb000000,0x00000000eb200000)
 ParOldGen       total 124416K, used 122466K [0x00000000c0000000, 0x00000000c7980000, 0x00000000eab00000)
  object space 124416K, 98% used [0x00000000c0000000,0x00000000c7798958,0x00000000c7980000)
 Metaspace       used 89285K, committed 90496K, reserved 1130496K
  class space    used 8976K, committed 9536K, reserved 1048576K
}
Event: 1798.932 GC heap before
{Heap before GC invocations=3767 (full 68):
 PSYoungGen      total 4096K, used 4073K [0x00000000eab00000, 0x00000000eb200000, 0x0000000100000000)
  eden space 3072K, 100% used [0x00000000eab00000,0x00000000eae00000,0x00000000eae00000)
  from space 1024K, 97% used [0x00000000eae00000,0x00000000eaefa400,0x00000000eaf00000)
  to   space 2048K, 0% used [0x00000000eb000000,0x00000000eb000000,0x00000000eb200000)
 ParOldGen       total 124416K, used 122466K [0x00000000c0000000, 0x00000000c7980000, 0x00000000eab00000)
  object space 124416K, 98% used [0x00000000c0000000,0x00000000c7798958,0x00000000c7980000)
 Metaspace       used 89285K, committed 90496K, reserved 1130496K
  class space    used 8976K, committed 9536K, reserved 1048576K
}
Event: 1798.932 GC heap after
{Heap after GC invocations=3767 (full 68):
 PSYoungGen      total 4096K, used 768K [0x00000000eab00000, 0x00000000eb100000, 0x0000000100000000)
  eden space 3072K, 0% used [0x00000000eab00000,0x00000000eab00000,0x00000000eae00000)
  from space 1024K, 75% used [0x00000000eb000000,0x00000000eb0c0000,0x00000000eb100000)
  to   space 1536K, 0% used [0x00000000eae00000,0x00000000eae00000,0x00000000eaf80000)
 ParOldGen       total 124416K, used 123475K [0x00000000c0000000, 0x00000000c7980000, 0x00000000eab00000)
  object space 124416K, 99% used [0x00000000c0000000,0x00000000c7894d98,0x00000000c7980000)
 Metaspace       used 89285K, committed 90496K, reserved 1130496K
  class space    used 8976K, committed 9536K, reserved 1048576K
}
Event: 1798.932 GC heap before
{Heap before GC invocations=3768 (full 69):
 PSYoungGen      total 4096K, used 768K [0x00000000eab00000, 0x00000000eb100000, 0x0000000100000000)
  eden space 3072K, 0% used [0x00000000eab00000,0x00000000eab00000,0x00000000eae00000)
  from space 1024K, 75% used [0x00000000eb000000,0x00000000eb0c0000,0x00000000eb100000)
  to   space 1536K, 0% used [0x00000000eae00000,0x00000000eae00000,0x00000000eaf80000)
 ParOldGen       total 124416K, used 123475K [0x00000000c0000000, 0x00000000c7980000, 0x00000000eab00000)
  object space 124416K, 99% used [0x00000000c0000000,0x00000000c7894d98,0x00000000c7980000)
 Metaspace       used 89285K, committed 90496K, reserved 1130496K
  class space    used 8976K, committed 9536K, reserved 1048576K
}

